<?xml version="1.0" encoding="UTF-8"?>
<!-- Generated by org.testng.reporters.JUnitReportReporter -->
<testsuite skipped="0" hostname="DESKTOP-V8AL5TS" name="DIVS.CAPTURING_SCREENSHOT" tests="1" failures="0" timestamp="2021-09-11T15:25:18 IST" time="1.143" errors="0">
  <testcase name="f" time="1.143" classname="DIVS.CAPTURING_SCREENSHOT"/>
</testsuite> <!-- DIVS.CAPTURING_SCREENSHOT -->
