<?xml version="1.0" encoding="UTF-8"?>
<!-- Generated by org.testng.reporters.JUnitReportReporter -->
<testsuite skipped="0" hostname="DESKTOP-V8AL5TS" name="Hms.Relativexpath" tests="1" failures="0" timestamp="2019-12-02T12:15:34 IST" time="3.686" errors="0">
  <testcase name="login" time="3.686" classname="Hms.Relativexpath"/>
</testsuite> <!-- Hms.Relativexpath -->
