<?xml version="1.0" encoding="UTF-8"?>
<!-- Generated by org.testng.reporters.JUnitReportReporter -->
<testsuite skipped="0" hostname="DESKTOP-V8AL5TS" name="Screenshot.ebaySS" tests="1" failures="0" timestamp="2019-12-09T13:47:58 IST" time="0.008" errors="0">
  <testcase name="f" time="0.008" classname="Screenshot.ebaySS"/>
</testsuite> <!-- Screenshot.ebaySS -->
