<?xml version="1.0" encoding="UTF-8"?>
<!-- Generated by org.testng.reporters.JUnitReportReporter -->
<testsuite skipped="0" hostname="DESKTOP-V8AL5TS" name="Hms.ankertags" tests="1" failures="0" timestamp="2019-12-17T13:05:34 IST" time="2.126" errors="0">
  <testcase name="test" time="2.126" classname="Hms.ankertags"/>
</testsuite> <!-- Hms.ankertags -->
