<?xml version="1.0" encoding="UTF-8"?>
<!-- Generated by org.testng.reporters.JUnitReportReporter -->
<testsuite skipped="0" hostname="DESKTOP-V8AL5TS" name="Hms.Popup" tests="1" failures="0" timestamp="2019-12-03T10:49:33 IST" time="10.025" errors="0">
  <testcase name="login" time="10.025" classname="Hms.Popup"/>
</testsuite> <!-- Hms.Popup -->
