<?xml version="1.0" encoding="UTF-8"?>
<!-- Generated by org.testng.reporters.JUnitReportReporter -->
<testsuite skipped="0" hostname="DESKTOP-V8AL5TS" name="Hms.printvalidationlistofdata" tests="2" failures="0" timestamp="2019-12-17T13:40:11 IST" time="12.876" errors="0">
  <testcase name="login" time="8.407" classname="Hms.printvalidationlistofdata"/>
  <testcase name="Registration" time="4.469" classname="Hms.printvalidationlistofdata"/>
</testsuite> <!-- Hms.printvalidationlistofdata -->
