<?xml version="1.0" encoding="UTF-8"?>
<!-- Generated by org.testng.reporters.JUnitReportReporter -->
<testsuite skipped="0" hostname="DESKTOP-V8AL5TS" name="Hms.validation" tests="2" failures="0" timestamp="2019-12-02T13:48:20 IST" time="7.326" errors="0">
  <testcase name="ram" time="5.152" classname="Hms.validation"/>
  <testcase name="login" time="2.174" classname="Hms.validation"/>
</testsuite> <!-- Hms.validation -->
