<?xml version="1.0" encoding="UTF-8"?>
<!-- Generated by org.testng.reporters.JUnitReportReporter -->
<testsuite skipped="0" hostname="DESKTOP-V8AL5TS" name="Hms.HMS" tests="3" failures="0" timestamp="2019-12-08T15:14:12 IST" time="16.003" errors="0">
  <testcase name="login" time="7.082" classname="Hms.HMS"/>
  <testcase name="registration" time="8.888" classname="Hms.HMS"/>
  <testcase name="alert_hms" time="0.033" classname="Hms.HMS"/>
</testsuite> <!-- Hms.HMS -->
