<?xml version="1.0" encoding="UTF-8"?>
<!-- Generated by org.testng.reporters.JUnitReportReporter -->
<testsuite skipped="0" hostname="DESKTOP-V8AL5TS" name="Hms.HMSVALIDATIONUSA" tests="3" failures="0" timestamp="2019-12-17T11:10:27 IST" time="10.234" errors="0">
  <testcase name="login" time="5.946" classname="Hms.HMSVALIDATIONUSA"/>
  <testcase name="Registration" time="4.030" classname="Hms.HMSVALIDATIONUSA"/>
  <testcase name="validation" time="0.258" classname="Hms.HMSVALIDATIONUSA"/>
</testsuite> <!-- Hms.HMSVALIDATIONUSA -->
