<?xml version="1.0" encoding="UTF-8"?>
<!-- Generated by org.testng.reporters.JUnitReportReporter -->
<testsuite skipped="0" hostname="DESKTOP-V8AL5TS" name="Hms.maletestvalidation" tests="3" failures="0" timestamp="2019-12-16T13:44:54 IST" time="23.712" errors="0">
  <testcase name="login" time="18.947" classname="Hms.maletestvalidation"/>
  <testcase name="registration" time="4.554" classname="Hms.maletestvalidation"/>
  <testcase name="validation" time="0.211" classname="Hms.maletestvalidation"/>
</testsuite> <!-- Hms.maletestvalidation -->
